[13-08-24 10:09:29] info: Program: Starting Squirrel Updater: --createShortcut=MongoDBCompass.exe
[13-08-24 10:09:29] info: ApplyReleasesImpl: About to create shortcuts for MongoDBCompass.exe, rootAppDir C:\Users\Lenovo\AppData\Local\MongoDBCompass
[13-08-24 10:09:29] info: ApplyReleasesImpl: Creating shortcut for MongoDBCompass.exe => C:\Users\Lenovo\AppData\Roaming\Microsoft\Windows\Start Menu\Programs\MongoDB Inc\MongoDBCompass.lnk
[13-08-24 10:09:29] info: ApplyReleasesImpl: About to save shortcut: C:\Users\Lenovo\AppData\Roaming\Microsoft\Windows\Start Menu\Programs\MongoDB Inc\MongoDBCompass.lnk (target C:\Users\Lenovo\AppData\Local\MongoDBCompass\MongoDBCompass.exe, workingDir C:\Users\Lenovo\AppData\Local\MongoDBCompass\app-1.43.5, args , toastActivatorCSLID ad99d1f2-2b3e-5e06-a073-40f92f9ed026)
[13-08-24 10:09:29] info: ApplyReleasesImpl: Creating shortcut for MongoDBCompass.exe => C:\Users\Lenovo\Desktop\MongoDBCompass.lnk
[13-08-24 10:09:29] info: ApplyReleasesImpl: About to save shortcut: C:\Users\Lenovo\Desktop\MongoDBCompass.lnk (target C:\Users\Lenovo\AppData\Local\MongoDBCompass\MongoDBCompass.exe, workingDir C:\Users\Lenovo\AppData\Local\MongoDBCompass\app-1.43.5, args , toastActivatorCSLID ad99d1f2-2b3e-5e06-a073-40f92f9ed026)
[13-08-24 10:09:29] info: Program: Finished Squirrel Updater
[24-08-24 10:08:44] info: Program: Starting Squirrel Updater: --createShortcut=MongoDBCompass.exe
[24-08-24 10:08:44] info: ApplyReleasesImpl: About to create shortcuts for MongoDBCompass.exe, rootAppDir C:\Users\Lenovo\AppData\Local\MongoDBCompass
[24-08-24 10:08:44] info: ApplyReleasesImpl: Creating shortcut for MongoDBCompass.exe => C:\Users\Lenovo\AppData\Roaming\Microsoft\Windows\Start Menu\Programs\MongoDB Inc\MongoDBCompass.lnk
[24-08-24 10:08:44] info: ApplyReleasesImpl: About to save shortcut: C:\Users\Lenovo\AppData\Roaming\Microsoft\Windows\Start Menu\Programs\MongoDB Inc\MongoDBCompass.lnk (target C:\Users\Lenovo\AppData\Local\MongoDBCompass\MongoDBCompass.exe, workingDir C:\Users\Lenovo\AppData\Local\MongoDBCompass\app-1.43.6, args , toastActivatorCSLID ad99d1f2-2b3e-5e06-a073-40f92f9ed026)
[24-08-24 10:08:44] info: ApplyReleasesImpl: Creating shortcut for MongoDBCompass.exe => C:\Users\Lenovo\Desktop\MongoDBCompass.lnk
[24-08-24 10:08:44] info: ApplyReleasesImpl: About to save shortcut: C:\Users\Lenovo\Desktop\MongoDBCompass.lnk (target C:\Users\Lenovo\AppData\Local\MongoDBCompass\MongoDBCompass.exe, workingDir C:\Users\Lenovo\AppData\Local\MongoDBCompass\app-1.43.6, args , toastActivatorCSLID ad99d1f2-2b3e-5e06-a073-40f92f9ed026)
[24-08-24 10:08:44] info: Program: Finished Squirrel Updater
[29-09-24 11:41:46] info: Program: Starting Squirrel Updater: --createShortcut=MongoDBCompass.exe
[29-09-24 11:41:46] info: ApplyReleasesImpl: About to create shortcuts for MongoDBCompass.exe, rootAppDir C:\Users\Lenovo\AppData\Local\MongoDBCompass
[29-09-24 11:41:46] info: ApplyReleasesImpl: Creating shortcut for MongoDBCompass.exe => C:\Users\Lenovo\AppData\Roaming\Microsoft\Windows\Start Menu\Programs\MongoDB Inc\MongoDBCompass.lnk
[29-09-24 11:41:46] info: ApplyReleasesImpl: About to save shortcut: C:\Users\Lenovo\AppData\Roaming\Microsoft\Windows\Start Menu\Programs\MongoDB Inc\MongoDBCompass.lnk (target C:\Users\Lenovo\AppData\Local\MongoDBCompass\MongoDBCompass.exe, workingDir C:\Users\Lenovo\AppData\Local\MongoDBCompass\app-1.44.4, args , toastActivatorCSLID ad99d1f2-2b3e-5e06-a073-40f92f9ed026)
[29-09-24 11:41:46] info: ApplyReleasesImpl: Creating shortcut for MongoDBCompass.exe => C:\Users\Lenovo\Desktop\MongoDBCompass.lnk
[29-09-24 11:41:46] info: ApplyReleasesImpl: About to save shortcut: C:\Users\Lenovo\Desktop\MongoDBCompass.lnk (target C:\Users\Lenovo\AppData\Local\MongoDBCompass\MongoDBCompass.exe, workingDir C:\Users\Lenovo\AppData\Local\MongoDBCompass\app-1.44.4, args , toastActivatorCSLID ad99d1f2-2b3e-5e06-a073-40f92f9ed026)
[29-09-24 11:41:46] info: Program: Finished Squirrel Updater
[14-10-24 16:51:53] info: Program: Starting Squirrel Updater: --createShortcut=MongoDBCompass.exe
[14-10-24 16:51:53] info: ApplyReleasesImpl: About to create shortcuts for MongoDBCompass.exe, rootAppDir C:\Users\Lenovo\AppData\Local\MongoDBCompass
[14-10-24 16:51:53] info: ApplyReleasesImpl: Creating shortcut for MongoDBCompass.exe => C:\Users\Lenovo\AppData\Roaming\Microsoft\Windows\Start Menu\Programs\MongoDB Inc\MongoDBCompass.lnk
[14-10-24 16:51:53] info: ApplyReleasesImpl: About to save shortcut: C:\Users\Lenovo\AppData\Roaming\Microsoft\Windows\Start Menu\Programs\MongoDB Inc\MongoDBCompass.lnk (target C:\Users\Lenovo\AppData\Local\MongoDBCompass\MongoDBCompass.exe, workingDir C:\Users\Lenovo\AppData\Local\MongoDBCompass\app-1.44.5, args , toastActivatorCSLID ad99d1f2-2b3e-5e06-a073-40f92f9ed026)
[14-10-24 16:51:53] info: ApplyReleasesImpl: Creating shortcut for MongoDBCompass.exe => C:\Users\Lenovo\Desktop\MongoDBCompass.lnk
[14-10-24 16:51:53] info: ApplyReleasesImpl: About to save shortcut: C:\Users\Lenovo\Desktop\MongoDBCompass.lnk (target C:\Users\Lenovo\AppData\Local\MongoDBCompass\MongoDBCompass.exe, workingDir C:\Users\Lenovo\AppData\Local\MongoDBCompass\app-1.44.5, args , toastActivatorCSLID ad99d1f2-2b3e-5e06-a073-40f92f9ed026)
[14-10-24 16:51:53] info: Program: Finished Squirrel Updater
